[2019-03-26 11:35:25] INFO [main: CodeCraft-2019.py, 23] car_path is ../config/car.txt
[2019-03-26 11:35:25] INFO [main: CodeCraft-2019.py, 24] road_path is ../config/road.txt
[2019-03-26 11:35:25] INFO [main: CodeCraft-2019.py, 25] cross_path is ../config/cross.txt
[2019-03-26 11:35:25] INFO [main: CodeCraft-2019.py, 26] answer_path is ../config/answer.txt¡±
[2019-03-26 11:35:54] INFO [main: CodeCraft-2019.py, 23] car_path is ../config/car.txt
[2019-03-26 11:35:54] INFO [main: CodeCraft-2019.py, 24] road_path is ../config/road.txt
[2019-03-26 11:35:54] INFO [main: CodeCraft-2019.py, 25] cross_path is ../config/cross.txt
[2019-03-26 11:35:54] INFO [main: CodeCraft-2019.py, 26] answer_path is ../config/answer.txt¡±
[2019-03-26 11:36:47] INFO [main: CodeCraft-2019.py, 23] car_path is ../config/car.txt
[2019-03-26 11:36:47] INFO [main: CodeCraft-2019.py, 24] road_path is ../config/road.txt
[2019-03-26 11:36:47] INFO [main: CodeCraft-2019.py, 25] cross_path is ../config/cross.txt
[2019-03-26 11:36:47] INFO [main: CodeCraft-2019.py, 26] answer_path is ../config/answer.txt
[2019-03-26 11:36:56] INFO [main: CodeCraft-2019.py, 23] car_path is ../config/car.txt
[2019-03-26 11:36:56] INFO [main: CodeCraft-2019.py, 24] road_path is ../config/road.txt
[2019-03-26 11:36:56] INFO [main: CodeCraft-2019.py, 25] cross_path is ../config/cross.txt
[2019-03-26 11:36:56] INFO [main: CodeCraft-2019.py, 26] answer_path is ../config/answer.txt
[2019-03-26 11:37:43] INFO [main: CodeCraft-2019.py, 23] car_path is ../config/car.txt
[2019-03-26 11:37:43] INFO [main: CodeCraft-2019.py, 24] road_path is ../config/road.txt
[2019-03-26 11:37:43] INFO [main: CodeCraft-2019.py, 25] cross_path is ../config/cross.txt
[2019-03-26 11:37:43] INFO [main: CodeCraft-2019.py, 26] answer_path is ../config/answer.txt
[2019-03-26 11:52:59] INFO [main: CodeCraft-2019.py, 25] car_path is ../config/car.txt
[2019-03-26 11:52:59] INFO [main: CodeCraft-2019.py, 26] road_path is ../config/road.txt
[2019-03-26 11:52:59] INFO [main: CodeCraft-2019.py, 27] cross_path is ../config/cross.txt
[2019-03-26 11:52:59] INFO [main: CodeCraft-2019.py, 28] answer_path is ../config/answer.txt
[2019-03-26 11:53:50] INFO [main: CodeCraft-2019.py, 25] car_path is ../config/car.txt
[2019-03-26 11:53:50] INFO [main: CodeCraft-2019.py, 26] road_path is ../config/road.txt
[2019-03-26 11:53:50] INFO [main: CodeCraft-2019.py, 27] cross_path is ../config/cross.txt
[2019-03-26 11:53:50] INFO [main: CodeCraft-2019.py, 28] answer_path is ../config/answer.txt
[2019-03-26 12:01:54] INFO [main: CodeCraft-2019.py, 25] car_path is ../config/car.txt
[2019-03-26 12:01:54] INFO [main: CodeCraft-2019.py, 26] road_path is ../config/road.txt
[2019-03-26 12:01:54] INFO [main: CodeCraft-2019.py, 27] cross_path is ../config/cross.txt
[2019-03-26 12:01:54] INFO [main: CodeCraft-2019.py, 28] answer_path is ../config/answer.txt
[2019-03-26 12:15:53] INFO [main: CodeCraft-2019.py, 25] car_path is ../config/car.txt
[2019-03-26 12:15:53] INFO [main: CodeCraft-2019.py, 26] road_path is ../config/road.txt
[2019-03-26 12:15:53] INFO [main: CodeCraft-2019.py, 27] cross_path is ../config/cross.txt
[2019-03-26 12:15:53] INFO [main: CodeCraft-2019.py, 28] answer_path is ../config/answer.txt
[2019-03-26 12:41:43] INFO [main: CodeCraft-2019.py, 25] car_path is ../config/car.txt
[2019-03-26 12:41:43] INFO [main: CodeCraft-2019.py, 26] road_path is ../config/road.txt
[2019-03-26 12:41:43] INFO [main: CodeCraft-2019.py, 27] cross_path is ../config/cross.txt
[2019-03-26 12:41:43] INFO [main: CodeCraft-2019.py, 28] answer_path is ../config/answer.txt
[2019-03-26 13:06:26] INFO [main: CodeCraft-2019.py, 25] car_path is ../config/car.txt
[2019-03-26 13:06:26] INFO [main: CodeCraft-2019.py, 26] road_path is ../config/road.txt
[2019-03-26 13:06:26] INFO [main: CodeCraft-2019.py, 27] cross_path is ../config/cross.txt
[2019-03-26 13:06:26] INFO [main: CodeCraft-2019.py, 28] answer_path is ../config/answer.txt
[2019-03-26 13:07:26] INFO [main: CodeCraft-2019.py, 25] car_path is ../config/car.txt
[2019-03-26 13:07:26] INFO [main: CodeCraft-2019.py, 26] road_path is ../config/road.txt
[2019-03-26 13:07:26] INFO [main: CodeCraft-2019.py, 27] cross_path is ../config/cross.txt
[2019-03-26 13:07:26] INFO [main: CodeCraft-2019.py, 28] answer_path is ../config/answer.txt
[2019-03-26 13:08:31] INFO [main: CodeCraft-2019.py, 25] car_path is ../config/car.txt
[2019-03-26 13:08:31] INFO [main: CodeCraft-2019.py, 26] road_path is ../config/road.txt
[2019-03-26 13:08:31] INFO [main: CodeCraft-2019.py, 27] cross_path is ../config/cross.txt
[2019-03-26 13:08:31] INFO [main: CodeCraft-2019.py, 28] answer_path is ../config/answer.txt
[2019-03-26 13:09:00] INFO [main: CodeCraft-2019.py, 25] car_path is ../config/car.txt
[2019-03-26 13:09:00] INFO [main: CodeCraft-2019.py, 26] road_path is ../config/road.txt
[2019-03-26 13:09:00] INFO [main: CodeCraft-2019.py, 27] cross_path is ../config/cross.txt
[2019-03-26 13:09:00] INFO [main: CodeCraft-2019.py, 28] answer_path is ../config/answer.txt
[2019-03-26 13:09:24] INFO [main: CodeCraft-2019.py, 25] car_path is ../config/car.txt
[2019-03-26 13:09:24] INFO [main: CodeCraft-2019.py, 26] road_path is ../config/road.txt
[2019-03-26 13:09:24] INFO [main: CodeCraft-2019.py, 27] cross_path is ../config/cross.txt
[2019-03-26 13:09:24] INFO [main: CodeCraft-2019.py, 28] answer_path is ../config/answer.txt
[2019-03-26 13:09:35] INFO [main: CodeCraft-2019.py, 25] car_path is ../config/car.txt
[2019-03-26 13:09:35] INFO [main: CodeCraft-2019.py, 26] road_path is ../config/road.txt
[2019-03-26 13:09:35] INFO [main: CodeCraft-2019.py, 27] cross_path is ../config/cross.txt
[2019-03-26 13:09:35] INFO [main: CodeCraft-2019.py, 28] answer_path is ../config/answer.txt
[2019-03-26 13:27:18] INFO [main: CodeCraft-2019.py, 25] car_path is ../config/car.txt
[2019-03-26 13:27:18] INFO [main: CodeCraft-2019.py, 26] road_path is ../config/road.txt
[2019-03-26 13:27:18] INFO [main: CodeCraft-2019.py, 27] cross_path is ../config/cross.txt
[2019-03-26 13:27:18] INFO [main: CodeCraft-2019.py, 28] answer_path is ../config/answer.txt
[2019-03-26 13:27:45] INFO [main: CodeCraft-2019.py, 25] car_path is ../config/car.txt
[2019-03-26 13:27:45] INFO [main: CodeCraft-2019.py, 26] road_path is ../config/road.txt
[2019-03-26 13:27:45] INFO [main: CodeCraft-2019.py, 27] cross_path is ../config/cross.txt
[2019-03-26 13:27:45] INFO [main: CodeCraft-2019.py, 28] answer_path is ../config/answer.txt
[2019-03-26 13:35:06] INFO [main: CodeCraft-2019.py, 25] car_path is ../config/car.txt
[2019-03-26 13:35:06] INFO [main: CodeCraft-2019.py, 26] road_path is ../config/road.txt
[2019-03-26 13:35:06] INFO [main: CodeCraft-2019.py, 27] cross_path is ../config/cross.txt
[2019-03-26 13:35:06] INFO [main: CodeCraft-2019.py, 28] answer_path is ../config/answer.txt
[2019-03-26 13:41:48] INFO [main: CodeCraft-2019.py, 25] car_path is ../config/car.txt
[2019-03-26 13:41:48] INFO [main: CodeCraft-2019.py, 26] road_path is ../config/road.txt
[2019-03-26 13:41:48] INFO [main: CodeCraft-2019.py, 27] cross_path is ../config/cross.txt
[2019-03-26 13:41:48] INFO [main: CodeCraft-2019.py, 28] answer_path is ../config/answer.txt
[2019-03-26 13:45:22] INFO [main: CodeCraft-2019.py, 25] car_path is ../config/car.txt
[2019-03-26 13:45:22] INFO [main: CodeCraft-2019.py, 26] road_path is ../config/road.txt
[2019-03-26 13:45:22] INFO [main: CodeCraft-2019.py, 27] cross_path is ../config/cross.txt
[2019-03-26 13:45:22] INFO [main: CodeCraft-2019.py, 28] answer_path is ../config/answer.txt
[2019-03-26 13:46:54] INFO [main: CodeCraft-2019.py, 25] car_path is ../config/car.txt
[2019-03-26 13:46:54] INFO [main: CodeCraft-2019.py, 26] road_path is ../config/road.txt
[2019-03-26 13:46:54] INFO [main: CodeCraft-2019.py, 27] cross_path is ../config/cross.txt
[2019-03-26 13:46:54] INFO [main: CodeCraft-2019.py, 28] answer_path is ../config/answer.txt
[2019-03-26 13:57:47] INFO [main: CodeCraft-2019.py, 25] car_path is ../config/car.txt
[2019-03-26 13:57:47] INFO [main: CodeCraft-2019.py, 26] road_path is ../config/road.txt
[2019-03-26 13:57:47] INFO [main: CodeCraft-2019.py, 27] cross_path is ../config/cross.txt
[2019-03-26 13:57:47] INFO [main: CodeCraft-2019.py, 28] answer_path is ../config/answer.txt
[2019-03-26 14:04:26] INFO [main: CodeCraft-2019.py, 25] car_path is ../config/car.txt
[2019-03-26 14:04:26] INFO [main: CodeCraft-2019.py, 26] road_path is ../config/road.txt
[2019-03-26 14:04:26] INFO [main: CodeCraft-2019.py, 27] cross_path is ../config/cross.txt
[2019-03-26 14:04:26] INFO [main: CodeCraft-2019.py, 28] answer_path is ../config/answer.txt
[2019-03-26 14:14:19] INFO [main: CodeCraft-2019.py, 25] car_path is ../config/car.txt
[2019-03-26 14:14:19] INFO [main: CodeCraft-2019.py, 26] road_path is ../config/road.txt
[2019-03-26 14:14:19] INFO [main: CodeCraft-2019.py, 27] cross_path is ../config/cross.txt
[2019-03-26 14:14:19] INFO [main: CodeCraft-2019.py, 28] answer_path is ../config/answer.txt
[2019-03-26 23:26:37] INFO [main: CodeCraft-2019.py, 32] car_path is ../config/car.txt
[2019-03-26 23:26:37] INFO [main: CodeCraft-2019.py, 33] road_path is ../config/road.txt
[2019-03-26 23:26:37] INFO [main: CodeCraft-2019.py, 34] cross_path is ../config/cross.txt
[2019-03-26 23:26:37] INFO [main: CodeCraft-2019.py, 35] answer_path is ../config/answer.txt
[2019-03-26 23:27:06] INFO [main: CodeCraft-2019.py, 32] car_path is ../config/car.txt
[2019-03-26 23:27:06] INFO [main: CodeCraft-2019.py, 33] road_path is ../config/road.txt
[2019-03-26 23:27:06] INFO [main: CodeCraft-2019.py, 34] cross_path is ../config/cross.txt
[2019-03-26 23:27:06] INFO [main: CodeCraft-2019.py, 35] answer_path is ../config/answer.txt
[2019-03-26 23:28:59] INFO [main: CodeCraft-2019.py, 32] car_path is ../config/car.txt
[2019-03-26 23:28:59] INFO [main: CodeCraft-2019.py, 33] road_path is ../config/road.txt
[2019-03-26 23:28:59] INFO [main: CodeCraft-2019.py, 34] cross_path is ../config/cross.txt
[2019-03-26 23:28:59] INFO [main: CodeCraft-2019.py, 35] answer_path is ../config/answer.txt
[2019-03-26 23:41:14] INFO [main: CodeCraft-2019.py, 32] car_path is ../config/car.txt
[2019-03-26 23:41:14] INFO [main: CodeCraft-2019.py, 33] road_path is ../config/road.txt
[2019-03-26 23:41:14] INFO [main: CodeCraft-2019.py, 34] cross_path is ../config/cross.txt
[2019-03-26 23:41:14] INFO [main: CodeCraft-2019.py, 35] answer_path is ../config/answer.txt
[2019-03-26 23:42:05] INFO [main: CodeCraft-2019.py, 32] car_path is ../config/car.txt
[2019-03-26 23:42:05] INFO [main: CodeCraft-2019.py, 33] road_path is ../config/road.txt
[2019-03-26 23:42:05] INFO [main: CodeCraft-2019.py, 34] cross_path is ../config/cross.txt
[2019-03-26 23:42:05] INFO [main: CodeCraft-2019.py, 35] answer_path is ../config/answer.txt
[2019-03-26 23:46:31] INFO [main: CodeCraft-2019.py, 32] car_path is ../config/car.txt
[2019-03-26 23:46:31] INFO [main: CodeCraft-2019.py, 33] road_path is ../config/road.txt
[2019-03-26 23:46:31] INFO [main: CodeCraft-2019.py, 34] cross_path is ../config/cross.txt
[2019-03-26 23:46:31] INFO [main: CodeCraft-2019.py, 35] answer_path is ../config/answer.txt
[2019-03-26 23:46:45] INFO [main: CodeCraft-2019.py, 32] car_path is ../config/car.txt
[2019-03-26 23:46:45] INFO [main: CodeCraft-2019.py, 33] road_path is ../config/road.txt
[2019-03-26 23:46:45] INFO [main: CodeCraft-2019.py, 34] cross_path is ../config/cross.txt
[2019-03-26 23:46:45] INFO [main: CodeCraft-2019.py, 35] answer_path is ../config/answer.txt
[2019-03-26 23:47:29] INFO [main: CodeCraft-2019.py, 32] car_path is ../config/car.txt
[2019-03-26 23:47:29] INFO [main: CodeCraft-2019.py, 33] road_path is ../config/road.txt
[2019-03-26 23:47:29] INFO [main: CodeCraft-2019.py, 34] cross_path is ../config/cross.txt
[2019-03-26 23:47:29] INFO [main: CodeCraft-2019.py, 35] answer_path is ../config/answer.txt
[2019-03-26 23:47:45] INFO [main: CodeCraft-2019.py, 32] car_path is ../config/car.txt
[2019-03-26 23:47:45] INFO [main: CodeCraft-2019.py, 33] road_path is ../config/road.txt
[2019-03-26 23:47:45] INFO [main: CodeCraft-2019.py, 34] cross_path is ../config/cross.txt
[2019-03-26 23:47:45] INFO [main: CodeCraft-2019.py, 35] answer_path is ../config/answer.txt
[2019-03-26 23:49:44] INFO [main: CodeCraft-2019.py, 32] car_path is ../config/car.txt
[2019-03-26 23:49:44] INFO [main: CodeCraft-2019.py, 33] road_path is ../config/road.txt
[2019-03-26 23:49:44] INFO [main: CodeCraft-2019.py, 34] cross_path is ../config/cross.txt
[2019-03-26 23:49:44] INFO [main: CodeCraft-2019.py, 35] answer_path is ../config/answer.txt
[2019-03-27 00:05:01] INFO [main: CodeCraft-2019.py, 32] car_path is ../config/car.txt
[2019-03-27 00:05:01] INFO [main: CodeCraft-2019.py, 33] road_path is ../config/road.txt
[2019-03-27 00:05:01] INFO [main: CodeCraft-2019.py, 34] cross_path is ../config/cross.txt
[2019-03-27 00:05:01] INFO [main: CodeCraft-2019.py, 35] answer_path is ../config/answer.txt
[2019-03-27 00:08:16] INFO [main: CodeCraft-2019.py, 32] car_path is ../config/car.txt
[2019-03-27 00:08:16] INFO [main: CodeCraft-2019.py, 33] road_path is ../config/road.txt
[2019-03-27 00:08:16] INFO [main: CodeCraft-2019.py, 34] cross_path is ../config/cross.txt
[2019-03-27 00:08:16] INFO [main: CodeCraft-2019.py, 35] answer_path is ../config/answer.txt
[2019-03-27 00:15:46] INFO [main: CodeCraft-2019.py, 32] car_path is ../config/car.txt
[2019-03-27 00:15:46] INFO [main: CodeCraft-2019.py, 33] road_path is ../config/road.txt
[2019-03-27 00:15:46] INFO [main: CodeCraft-2019.py, 34] cross_path is ../config/cross.txt
[2019-03-27 00:15:46] INFO [main: CodeCraft-2019.py, 35] answer_path is ../config/answer.txt
[2019-03-27 00:26:54] INFO [main: CodeCraft-2019.py, 32] car_path is ../config/car.txt
[2019-03-27 00:26:54] INFO [main: CodeCraft-2019.py, 33] road_path is ../config/road.txt
[2019-03-27 00:26:54] INFO [main: CodeCraft-2019.py, 34] cross_path is ../config/cross.txt
[2019-03-27 00:26:54] INFO [main: CodeCraft-2019.py, 35] answer_path is ../config/answer.txt
[2019-03-27 00:27:04] INFO [main: CodeCraft-2019.py, 32] car_path is ../config/car.txt
[2019-03-27 00:27:04] INFO [main: CodeCraft-2019.py, 33] road_path is ../config/road.txt
[2019-03-27 00:27:04] INFO [main: CodeCraft-2019.py, 34] cross_path is ../config/cross.txt
[2019-03-27 00:27:04] INFO [main: CodeCraft-2019.py, 35] answer_path is ../config/answer.txt
[2019-03-27 00:29:14] INFO [main: CodeCraft-2019.py, 32] car_path is ../config/car.txt
[2019-03-27 00:29:14] INFO [main: CodeCraft-2019.py, 33] road_path is ../config/road.txt
[2019-03-27 00:29:14] INFO [main: CodeCraft-2019.py, 34] cross_path is ../config/cross.txt
[2019-03-27 00:29:14] INFO [main: CodeCraft-2019.py, 35] answer_path is ../config/answer.txt
[2019-03-27 00:29:57] INFO [main: CodeCraft-2019.py, 32] car_path is ../config/car.txt
[2019-03-27 00:29:57] INFO [main: CodeCraft-2019.py, 33] road_path is ../config/road.txt
[2019-03-27 00:29:57] INFO [main: CodeCraft-2019.py, 34] cross_path is ../config/cross.txt
[2019-03-27 00:29:57] INFO [main: CodeCraft-2019.py, 35] answer_path is ../config/answer.txt
[2019-03-27 00:33:56] INFO [main: CodeCraft-2019.py, 32] car_path is ../config/car.txt
[2019-03-27 00:33:56] INFO [main: CodeCraft-2019.py, 33] road_path is ../config/road.txt
[2019-03-27 00:33:56] INFO [main: CodeCraft-2019.py, 34] cross_path is ../config/cross.txt
[2019-03-27 00:33:56] INFO [main: CodeCraft-2019.py, 35] answer_path is ../config/answer.txt
[2019-03-27 00:48:34] INFO [main: CodeCraft-2019.py, 32] car_path is ../config/car.txt
[2019-03-27 00:48:34] INFO [main: CodeCraft-2019.py, 33] road_path is ../config/road.txt
[2019-03-27 00:48:34] INFO [main: CodeCraft-2019.py, 34] cross_path is ../config/cross.txt
[2019-03-27 00:48:34] INFO [main: CodeCraft-2019.py, 35] answer_path is ../config/answer.txt
[2019-03-27 01:04:16] INFO [main: CodeCraft-2019.py, 32] car_path is ../config/car.txt
[2019-03-27 01:04:16] INFO [main: CodeCraft-2019.py, 33] road_path is ../config/road.txt
[2019-03-27 01:04:16] INFO [main: CodeCraft-2019.py, 34] cross_path is ../config/cross.txt
[2019-03-27 01:04:16] INFO [main: CodeCraft-2019.py, 35] answer_path is ../config/answer.txt
[2019-03-27 01:10:29] INFO [main: CodeCraft-2019.py, 32] car_path is ../config/car.txt
[2019-03-27 01:10:29] INFO [main: CodeCraft-2019.py, 33] road_path is ../config/road.txt
[2019-03-27 01:10:29] INFO [main: CodeCraft-2019.py, 34] cross_path is ../config/cross.txt
[2019-03-27 01:10:29] INFO [main: CodeCraft-2019.py, 35] answer_path is ../config/answer.txt
[2019-03-27 01:12:02] INFO [main: CodeCraft-2019.py, 32] car_path is ../config/car.txt
[2019-03-27 01:12:02] INFO [main: CodeCraft-2019.py, 33] road_path is ../config/road.txt
[2019-03-27 01:12:02] INFO [main: CodeCraft-2019.py, 34] cross_path is ../config/cross.txt
[2019-03-27 01:12:02] INFO [main: CodeCraft-2019.py, 35] answer_path is ../config/answer.txt
[2019-03-27 01:23:35] INFO [main: CodeCraft-2019.py, 32] car_path is ../config/car.txt
[2019-03-27 01:23:35] INFO [main: CodeCraft-2019.py, 33] road_path is ../config/road.txt
[2019-03-27 01:23:35] INFO [main: CodeCraft-2019.py, 34] cross_path is ../config/cross.txt
[2019-03-27 01:23:35] INFO [main: CodeCraft-2019.py, 35] answer_path is ../config/answer.txt
[2019-03-27 02:45:01] INFO [main: CodeCraft-2019.py, 32] car_path is ../config/car.txt
[2019-03-27 02:45:01] INFO [main: CodeCraft-2019.py, 33] road_path is ../config/road.txt
[2019-03-27 02:45:01] INFO [main: CodeCraft-2019.py, 34] cross_path is ../config/cross.txt
[2019-03-27 02:45:01] INFO [main: CodeCraft-2019.py, 35] answer_path is ../config/answer.txt
[2019-03-27 02:55:20] INFO [main: CodeCraft-2019.py, 32] car_path is ../config/car.txt
[2019-03-27 02:55:20] INFO [main: CodeCraft-2019.py, 33] road_path is ../config/road.txt
[2019-03-27 02:55:20] INFO [main: CodeCraft-2019.py, 34] cross_path is ../config/cross.txt
[2019-03-27 02:55:20] INFO [main: CodeCraft-2019.py, 35] answer_path is ../config/answer.txt
[2019-03-27 04:17:49] INFO [main: CodeCraft-2019.py, 32] car_path is ../config/car.txt
[2019-03-27 04:17:49] INFO [main: CodeCraft-2019.py, 33] road_path is ../config/road.txt
[2019-03-27 04:17:49] INFO [main: CodeCraft-2019.py, 34] cross_path is ../config/cross.txt
[2019-03-27 04:17:49] INFO [main: CodeCraft-2019.py, 35] answer_path is ../config/answer.txt
[2019-03-27 04:31:50] INFO [main: CodeCraft-2019.py, 32] car_path is ../config/car.txt
[2019-03-27 04:31:50] INFO [main: CodeCraft-2019.py, 33] road_path is ../config/road.txt
[2019-03-27 04:31:50] INFO [main: CodeCraft-2019.py, 34] cross_path is ../config/cross.txt
[2019-03-27 04:31:50] INFO [main: CodeCraft-2019.py, 35] answer_path is ../config/answer.txt
[2019-03-27 04:32:02] INFO [main: CodeCraft-2019.py, 32] car_path is ../config/car.txt
[2019-03-27 04:32:02] INFO [main: CodeCraft-2019.py, 33] road_path is ../config/road.txt
[2019-03-27 04:32:02] INFO [main: CodeCraft-2019.py, 34] cross_path is ../config/cross.txt
[2019-03-27 04:32:02] INFO [main: CodeCraft-2019.py, 35] answer_path is ../config/answer.txt
[2019-03-27 04:36:12] INFO [main: CodeCraft-2019.py, 32] car_path is ../config/car.txt
[2019-03-27 04:36:12] INFO [main: CodeCraft-2019.py, 33] road_path is ../config/road.txt
[2019-03-27 04:36:12] INFO [main: CodeCraft-2019.py, 34] cross_path is ../config/cross.txt
[2019-03-27 04:36:12] INFO [main: CodeCraft-2019.py, 35] answer_path is ../config/answer.txt
[2019-03-27 04:47:15] INFO [main: CodeCraft-2019.py, 32] car_path is ../config/car.txt
[2019-03-27 04:47:15] INFO [main: CodeCraft-2019.py, 33] road_path is ../config/road.txt
[2019-03-27 04:47:15] INFO [main: CodeCraft-2019.py, 34] cross_path is ../config/cross.txt
[2019-03-27 04:47:15] INFO [main: CodeCraft-2019.py, 35] answer_path is ../config/answer.txt
[2019-03-27 04:48:41] INFO [main: CodeCraft-2019.py, 32] car_path is ../config/car.txt
[2019-03-27 04:48:41] INFO [main: CodeCraft-2019.py, 33] road_path is ../config/road.txt
[2019-03-27 04:48:41] INFO [main: CodeCraft-2019.py, 34] cross_path is ../config/cross.txt
[2019-03-27 04:48:41] INFO [main: CodeCraft-2019.py, 35] answer_path is ../config/answer.txt
[2019-03-27 05:36:07] INFO [main: CodeCraft-2019.py, 32] car_path is ../config/car.txt
[2019-03-27 05:36:07] INFO [main: CodeCraft-2019.py, 33] road_path is ../config/road.txt
[2019-03-27 05:36:07] INFO [main: CodeCraft-2019.py, 34] cross_path is ../config/cross.txt
[2019-03-27 05:36:07] INFO [main: CodeCraft-2019.py, 35] answer_path is ../config/answer.txt
[2019-03-27 05:36:46] INFO [main: CodeCraft-2019.py, 32] car_path is ../config/car.txt
[2019-03-27 05:36:46] INFO [main: CodeCraft-2019.py, 33] road_path is ../config/road.txt
[2019-03-27 05:36:46] INFO [main: CodeCraft-2019.py, 34] cross_path is ../config/cross.txt
[2019-03-27 05:36:46] INFO [main: CodeCraft-2019.py, 35] answer_path is ../config/answer.txt
[2019-03-27 05:37:53] INFO [main: CodeCraft-2019.py, 32] car_path is ../config/car.txt
[2019-03-27 05:37:53] INFO [main: CodeCraft-2019.py, 33] road_path is ../config/road.txt
[2019-03-27 05:37:53] INFO [main: CodeCraft-2019.py, 34] cross_path is ../config/cross.txt
[2019-03-27 05:37:53] INFO [main: CodeCraft-2019.py, 35] answer_path is ../config/answer.txt
[2019-03-27 05:44:24] INFO [main: CodeCraft-2019.py, 32] car_path is ../config/car.txt
[2019-03-27 05:44:24] INFO [main: CodeCraft-2019.py, 33] road_path is ../config/road.txt
[2019-03-27 05:44:24] INFO [main: CodeCraft-2019.py, 34] cross_path is ../config/cross.txt
[2019-03-27 05:44:24] INFO [main: CodeCraft-2019.py, 35] answer_path is ../config/answer.txt
[2019-03-27 05:46:13] INFO [main: CodeCraft-2019.py, 32] car_path is ../config/car.txt
[2019-03-27 05:46:13] INFO [main: CodeCraft-2019.py, 33] road_path is ../config/road.txt
[2019-03-27 05:46:13] INFO [main: CodeCraft-2019.py, 34] cross_path is ../config/cross.txt
[2019-03-27 05:46:13] INFO [main: CodeCraft-2019.py, 35] answer_path is ../config/answer.txt
[2019-03-27 05:53:51] INFO [main: CodeCraft-2019.py, 32] car_path is ../config/car.txt
[2019-03-27 05:53:51] INFO [main: CodeCraft-2019.py, 33] road_path is ../config/road.txt
[2019-03-27 05:53:51] INFO [main: CodeCraft-2019.py, 34] cross_path is ../config/cross.txt
[2019-03-27 05:53:51] INFO [main: CodeCraft-2019.py, 35] answer_path is ../config/answer.txt
[2019-03-27 06:08:19] INFO [main: CodeCraft-2019.py, 32] car_path is ../config/car.txt
[2019-03-27 06:08:19] INFO [main: CodeCraft-2019.py, 33] road_path is ../config/road.txt
[2019-03-27 06:08:19] INFO [main: CodeCraft-2019.py, 34] cross_path is ../config/cross.txt
[2019-03-27 06:08:19] INFO [main: CodeCraft-2019.py, 35] answer_path is ../config/answer.txt
[2019-03-27 06:15:15] INFO [main: CodeCraft-2019.py, 32] car_path is ../config/car.txt
[2019-03-27 06:15:15] INFO [main: CodeCraft-2019.py, 33] road_path is ../config/road.txt
[2019-03-27 06:15:15] INFO [main: CodeCraft-2019.py, 34] cross_path is ../config/cross.txt
[2019-03-27 06:15:15] INFO [main: CodeCraft-2019.py, 35] answer_path is ../config/answer.txt
[2019-03-27 06:17:08] INFO [main: CodeCraft-2019.py, 32] car_path is ../config/car.txt
[2019-03-27 06:17:08] INFO [main: CodeCraft-2019.py, 33] road_path is ../config/road.txt
[2019-03-27 06:17:08] INFO [main: CodeCraft-2019.py, 34] cross_path is ../config/cross.txt
[2019-03-27 06:17:08] INFO [main: CodeCraft-2019.py, 35] answer_path is ../config/answer.txt
[2019-03-27 06:25:02] INFO [main: CodeCraft-2019.py, 32] car_path is ../config/car.txt
[2019-03-27 06:25:02] INFO [main: CodeCraft-2019.py, 33] road_path is ../config/road.txt
[2019-03-27 06:25:02] INFO [main: CodeCraft-2019.py, 34] cross_path is ../config/cross.txt
[2019-03-27 06:25:02] INFO [main: CodeCraft-2019.py, 35] answer_path is ../config/answer.txt
[2019-03-27 06:25:53] INFO [main: CodeCraft-2019.py, 32] car_path is ../config/car.txt
[2019-03-27 06:25:53] INFO [main: CodeCraft-2019.py, 33] road_path is ../config/road.txt
[2019-03-27 06:25:53] INFO [main: CodeCraft-2019.py, 34] cross_path is ../config/cross.txt
[2019-03-27 06:25:53] INFO [main: CodeCraft-2019.py, 35] answer_path is ../config/answer.txt
[2019-03-27 06:43:51] INFO [main: CodeCraft-2019.py, 32] car_path is ../config/car.txt
[2019-03-27 06:43:51] INFO [main: CodeCraft-2019.py, 33] road_path is ../config/road.txt
[2019-03-27 06:43:51] INFO [main: CodeCraft-2019.py, 34] cross_path is ../config/cross.txt
[2019-03-27 06:43:51] INFO [main: CodeCraft-2019.py, 35] answer_path is ../config/answer.txt
[2019-03-27 06:44:39] INFO [main: CodeCraft-2019.py, 32] car_path is ../config/car.txt
[2019-03-27 06:44:39] INFO [main: CodeCraft-2019.py, 33] road_path is ../config/road.txt
[2019-03-27 06:44:39] INFO [main: CodeCraft-2019.py, 34] cross_path is ../config/cross.txt
[2019-03-27 06:44:39] INFO [main: CodeCraft-2019.py, 35] answer_path is ../config/answer.txt
[2019-03-27 06:46:11] INFO [main: CodeCraft-2019.py, 32] car_path is ../config/car.txt
[2019-03-27 06:46:11] INFO [main: CodeCraft-2019.py, 33] road_path is ../config/road.txt
[2019-03-27 06:46:11] INFO [main: CodeCraft-2019.py, 34] cross_path is ../config/cross.txt
[2019-03-27 06:46:11] INFO [main: CodeCraft-2019.py, 35] answer_path is ../config/answer.txt
[2019-03-27 06:46:36] INFO [main: CodeCraft-2019.py, 32] car_path is ../config/car.txt
[2019-03-27 06:46:36] INFO [main: CodeCraft-2019.py, 33] road_path is ../config/road.txt
[2019-03-27 06:46:36] INFO [main: CodeCraft-2019.py, 34] cross_path is ../config/cross.txt
[2019-03-27 06:46:36] INFO [main: CodeCraft-2019.py, 35] answer_path is ../config/answer.txt
[2019-03-27 06:48:03] INFO [main: CodeCraft-2019.py, 32] car_path is ../config/car.txt
[2019-03-27 06:48:03] INFO [main: CodeCraft-2019.py, 33] road_path is ../config/road.txt
[2019-03-27 06:48:03] INFO [main: CodeCraft-2019.py, 34] cross_path is ../config/cross.txt
[2019-03-27 06:48:03] INFO [main: CodeCraft-2019.py, 35] answer_path is ../config/answer.txt
[2019-03-27 06:48:15] INFO [main: CodeCraft-2019.py, 32] car_path is ../config/car.txt
[2019-03-27 06:48:15] INFO [main: CodeCraft-2019.py, 33] road_path is ../config/road.txt
[2019-03-27 06:48:15] INFO [main: CodeCraft-2019.py, 34] cross_path is ../config/cross.txt
[2019-03-27 06:48:15] INFO [main: CodeCraft-2019.py, 35] answer_path is ../config/answer.txt
[2019-03-27 06:49:56] INFO [main: CodeCraft-2019.py, 32] car_path is ../config/car.txt
[2019-03-27 06:49:56] INFO [main: CodeCraft-2019.py, 33] road_path is ../config/road.txt
[2019-03-27 06:49:56] INFO [main: CodeCraft-2019.py, 34] cross_path is ../config/cross.txt
[2019-03-27 06:49:56] INFO [main: CodeCraft-2019.py, 35] answer_path is ../config/answer.txt
[2019-03-27 06:55:48] INFO [main: CodeCraft-2019.py, 32] car_path is ../config/car.txt
[2019-03-27 06:55:48] INFO [main: CodeCraft-2019.py, 33] road_path is ../config/road.txt
[2019-03-27 06:55:48] INFO [main: CodeCraft-2019.py, 34] cross_path is ../config/cross.txt
[2019-03-27 06:55:48] INFO [main: CodeCraft-2019.py, 35] answer_path is ../config/answer.txt
[2019-03-27 07:44:44] INFO [main: CodeCraft-2019.py, 32] car_path is ../config/car.txt
[2019-03-27 07:44:44] INFO [main: CodeCraft-2019.py, 33] road_path is ../config/road.txt
[2019-03-27 07:44:44] INFO [main: CodeCraft-2019.py, 34] cross_path is ../config/cross.txt
[2019-03-27 07:44:44] INFO [main: CodeCraft-2019.py, 35] answer_path is ../config/answer.txt
[2019-03-27 07:44:55] INFO [main: CodeCraft-2019.py, 32] car_path is ../config/car.txt
[2019-03-27 07:44:55] INFO [main: CodeCraft-2019.py, 33] road_path is ../config/road.txt
[2019-03-27 07:44:55] INFO [main: CodeCraft-2019.py, 34] cross_path is ../config/cross.txt
[2019-03-27 07:44:55] INFO [main: CodeCraft-2019.py, 35] answer_path is ../config/answer.txt
[2019-03-27 07:46:13] INFO [main: CodeCraft-2019.py, 32] car_path is ../config/car.txt
[2019-03-27 07:46:13] INFO [main: CodeCraft-2019.py, 33] road_path is ../config/road.txt
[2019-03-27 07:46:13] INFO [main: CodeCraft-2019.py, 34] cross_path is ../config/cross.txt
[2019-03-27 07:46:13] INFO [main: CodeCraft-2019.py, 35] answer_path is ../config/answer.txt
[2019-03-27 07:46:41] INFO [main: CodeCraft-2019.py, 32] car_path is ../config/car.txt
[2019-03-27 07:46:41] INFO [main: CodeCraft-2019.py, 33] road_path is ../config/road.txt
[2019-03-27 07:46:41] INFO [main: CodeCraft-2019.py, 34] cross_path is ../config/cross.txt
[2019-03-27 07:46:41] INFO [main: CodeCraft-2019.py, 35] answer_path is ../config/answer.txt
[2019-03-27 07:48:43] INFO [main: CodeCraft-2019.py, 32] car_path is ../config/car.txt
[2019-03-27 07:48:43] INFO [main: CodeCraft-2019.py, 33] road_path is ../config/road.txt
[2019-03-27 07:48:43] INFO [main: CodeCraft-2019.py, 34] cross_path is ../config/cross.txt
[2019-03-27 07:48:43] INFO [main: CodeCraft-2019.py, 35] answer_path is ../config/answer.txt
[2019-03-27 07:50:34] INFO [main: CodeCraft-2019.py, 32] car_path is ../config/car.txt
[2019-03-27 07:50:34] INFO [main: CodeCraft-2019.py, 33] road_path is ../config/road.txt
[2019-03-27 07:50:34] INFO [main: CodeCraft-2019.py, 34] cross_path is ../config/cross.txt
[2019-03-27 07:50:34] INFO [main: CodeCraft-2019.py, 35] answer_path is ../config/answer.txt
[2019-03-27 07:51:33] INFO [main: CodeCraft-2019.py, 32] car_path is ../config/car.txt
[2019-03-27 07:51:33] INFO [main: CodeCraft-2019.py, 33] road_path is ../config/road.txt
[2019-03-27 07:51:33] INFO [main: CodeCraft-2019.py, 34] cross_path is ../config/cross.txt
[2019-03-27 07:51:33] INFO [main: CodeCraft-2019.py, 35] answer_path is ../config/answer.txt
[2019-03-27 07:54:58] INFO [main: CodeCraft-2019.py, 32] car_path is ../config/car.txt
[2019-03-27 07:54:58] INFO [main: CodeCraft-2019.py, 33] road_path is ../config/road.txt
[2019-03-27 07:54:58] INFO [main: CodeCraft-2019.py, 34] cross_path is ../config/cross.txt
[2019-03-27 07:54:58] INFO [main: CodeCraft-2019.py, 35] answer_path is ../config/answer.txt
[2019-03-27 08:00:11] INFO [main: CodeCraft-2019.py, 32] car_path is ../config/car.txt
[2019-03-27 08:00:11] INFO [main: CodeCraft-2019.py, 33] road_path is ../config/road.txt
[2019-03-27 08:00:11] INFO [main: CodeCraft-2019.py, 34] cross_path is ../config/cross.txt
[2019-03-27 08:00:11] INFO [main: CodeCraft-2019.py, 35] answer_path is ../config/answer.txt
[2019-03-27 08:00:31] INFO [main: CodeCraft-2019.py, 32] car_path is ../config/car.txt
[2019-03-27 08:00:31] INFO [main: CodeCraft-2019.py, 33] road_path is ../config/road.txt
[2019-03-27 08:00:31] INFO [main: CodeCraft-2019.py, 34] cross_path is ../config/cross.txt
[2019-03-27 08:00:31] INFO [main: CodeCraft-2019.py, 35] answer_path is ../config/answer.txt
[2019-03-27 08:01:51] INFO [main: CodeCraft-2019.py, 32] car_path is ../config/car.txt
[2019-03-27 08:01:51] INFO [main: CodeCraft-2019.py, 33] road_path is ../config/road.txt
[2019-03-27 08:01:51] INFO [main: CodeCraft-2019.py, 34] cross_path is ../config/cross.txt
[2019-03-27 08:01:51] INFO [main: CodeCraft-2019.py, 35] answer_path is ../config/answer.txt
[2019-03-27 08:02:31] INFO [main: CodeCraft-2019.py, 32] car_path is ../config/car.txt
[2019-03-27 08:02:31] INFO [main: CodeCraft-2019.py, 33] road_path is ../config/road.txt
[2019-03-27 08:02:31] INFO [main: CodeCraft-2019.py, 34] cross_path is ../config/cross.txt
[2019-03-27 08:02:31] INFO [main: CodeCraft-2019.py, 35] answer_path is ../config/answer.txt
[2019-03-27 08:02:58] INFO [main: CodeCraft-2019.py, 32] car_path is ../config/car.txt
[2019-03-27 08:02:58] INFO [main: CodeCraft-2019.py, 33] road_path is ../config/road.txt
[2019-03-27 08:02:58] INFO [main: CodeCraft-2019.py, 34] cross_path is ../config/cross.txt
[2019-03-27 08:02:58] INFO [main: CodeCraft-2019.py, 35] answer_path is ../config/answer.txt
[2019-03-27 08:03:36] INFO [main: CodeCraft-2019.py, 32] car_path is ../config/car.txt
[2019-03-27 08:03:36] INFO [main: CodeCraft-2019.py, 33] road_path is ../config/road.txt
[2019-03-27 08:03:36] INFO [main: CodeCraft-2019.py, 34] cross_path is ../config/cross.txt
[2019-03-27 08:03:36] INFO [main: CodeCraft-2019.py, 35] answer_path is ../config/answer.txt
[2019-03-27 08:16:25] INFO [main: CodeCraft-2019.py, 32] car_path is ../config/car.txt
[2019-03-27 08:16:25] INFO [main: CodeCraft-2019.py, 33] road_path is ../config/road.txt
[2019-03-27 08:16:25] INFO [main: CodeCraft-2019.py, 34] cross_path is ../config/cross.txt
[2019-03-27 08:16:25] INFO [main: CodeCraft-2019.py, 35] answer_path is ../config/answer.txt
[2019-03-27 08:17:35] INFO [main: CodeCraft-2019.py, 32] car_path is ../config/car.txt
[2019-03-27 08:17:35] INFO [main: CodeCraft-2019.py, 33] road_path is ../config/road.txt
[2019-03-27 08:17:35] INFO [main: CodeCraft-2019.py, 34] cross_path is ../config/cross.txt
[2019-03-27 08:17:35] INFO [main: CodeCraft-2019.py, 35] answer_path is ../config/answer.txt
[2019-03-27 08:29:35] INFO [main: CodeCraft-2019.py, 32] car_path is ../config/car.txt
[2019-03-27 08:29:35] INFO [main: CodeCraft-2019.py, 33] road_path is ../config/road.txt
[2019-03-27 08:29:35] INFO [main: CodeCraft-2019.py, 34] cross_path is ../config/cross.txt
[2019-03-27 08:29:35] INFO [main: CodeCraft-2019.py, 35] answer_path is ../config/answer.txt
[2019-03-27 08:34:58] INFO [main: CodeCraft-2019.py, 32] car_path is ../config/car.txt
[2019-03-27 08:34:58] INFO [main: CodeCraft-2019.py, 33] road_path is ../config/road.txt
[2019-03-27 08:34:58] INFO [main: CodeCraft-2019.py, 34] cross_path is ../config/cross.txt
[2019-03-27 08:34:58] INFO [main: CodeCraft-2019.py, 35] answer_path is ../config/answer.txt
[2019-03-27 08:35:44] INFO [main: CodeCraft-2019.py, 32] car_path is ../config/car.txt
[2019-03-27 08:35:44] INFO [main: CodeCraft-2019.py, 33] road_path is ../config/road.txt
[2019-03-27 08:35:44] INFO [main: CodeCraft-2019.py, 34] cross_path is ../config/cross.txt
[2019-03-27 08:35:44] INFO [main: CodeCraft-2019.py, 35] answer_path is ../config/answer.txt
